Build started 5/5/2016 1:19:19 PM.
     1>Project "G:\Spring2016\AMCS252\Project\ActualProject\code\RBFx64\RBFx64\RBFx64.vcxproj" on node 2 (Build target(s)).
     1>ClCompile:
         E:\progams\Microsoft Visual Studio 12.0\VC\bin\CL.exe /c /I"G:\Spring2016\AMCS252\Project\ActualProject\code\eigen-eigen-07105f7124f9" /Zi /nologo /W3 /WX- /sdl /O2 /Oi /Oy- /GL /D WIN32 /D NDEBUG /D _CONSOLE /D _LIB /D _UNICODE /D UNICODE /Gm- /EHsc /MD /GS /Gy /fp:precise /Zc:wchar_t /Zc:forScope /Fo"Release\\" /Fd"Release\vc120.pdb" /Gd /TP /analyze- /errorReport:prompt RBF.cpp RBF_2D.cpp RBF_3D.cpp stdafx.cpp
         RBF.cpp
         RBF_2D.cpp
     1>RBF_2D.cpp(18): warning C4018: '<' : signed/unsigned mismatch
     1>RBF_2D.cpp(28): warning C4101: 'rows' : unreferenced local variable
     1>RBF_2D.cpp(65): warning C4018: '<' : signed/unsigned mismatch
     1>RBF_2D.cpp(69): warning C4018: '<' : signed/unsigned mismatch
         RBF_3D.cpp
     1>RBF_3D.cpp(16): warning C4018: '<' : signed/unsigned mismatch
     1>RBF_3D.cpp(25): warning C4101: 'rows' : unreferenced local variable
     1>RBF_3D.cpp(75): warning C4018: '<' : signed/unsigned mismatch
     1>RBF_3D.cpp(94): warning C4018: '<' : signed/unsigned mismatch
     1>RBF_3D.cpp(98): warning C4018: '<' : signed/unsigned mismatch
         stdafx.cpp
       Link:
         E:\progams\Microsoft Visual Studio 12.0\VC\bin\link.exe /ERRORREPORT:PROMPT /OUT:"G:\Spring2016\AMCS252\Project\ActualProject\code\RBFx64\Release\RBFx64.exe" /INCREMENTAL:NO /NOLOGO kernel32.lib user32.lib gdi32.lib winspool.lib comdlg32.lib advapi32.lib shell32.lib ole32.lib oleaut32.lib uuid.lib odbc32.lib odbccp32.lib /MANIFEST /MANIFESTUAC:"level='asInvoker' uiAccess='false'" /manifest:embed /DEBUG /PDB:"G:\Spring2016\AMCS252\Project\ActualProject\code\RBFx64\Release\RBFx64.pdb" /SUBSYSTEM:CONSOLE /OPT:REF /OPT:ICF /LTCG /TLBID:1 /DYNAMICBASE /NXCOMPAT /IMPLIB:"G:\Spring2016\AMCS252\Project\ActualProject\code\RBFx64\Release\RBFx64.lib" /MACHINE:X86 /SAFESEH Release\RBF.obj
         Release\RBF_2D.obj
         Release\RBF_3D.obj
         Release\stdafx.obj
         Generating code
         Finished generating code
         RBFx64.vcxproj -> G:\Spring2016\AMCS252\Project\ActualProject\code\RBFx64\Release\RBFx64.exe
     1>Done Building Project "G:\Spring2016\AMCS252\Project\ActualProject\code\RBFx64\RBFx64\RBFx64.vcxproj" (Build target(s)).

Build succeeded.

Time Elapsed 00:00:08.10
