Build started 5/16/2016 11:48:36 PM.
     1>Project "G:\Spring2016\AMCS252\Project\ActualProject\code\RBFx64\RBFx64\RBFx64.vcxproj" on node 2 (Build target(s)).
     1>ClCompile:
         E:\progams\Microsoft Visual Studio 12.0\VC\bin\x86_amd64\CL.exe /c /IE:\Libs\boost_1_59_0 /I"G:\Spring2016\AMCS252\Project\ActualProject\code\eigen-eigen-07105f7124f9" /Zi /nologo /W3 /WX- /sdl /O2 /Oi /GL /D WIN32 /D NDEBUG /D _CONSOLE /D _LIB /D _UNICODE /D UNICODE /Gm- /EHsc /MD /GS /Gy /arch:SSE2 /fp:precise /Zc:wchar_t /Zc:forScope /openmp /Fo"x64\Release\\" /Fd"x64\Release\vc120.pdb" /Gd /TP /errorReport:prompt RBF_2D.cpp main.cpp
     1>cl : Command line warning D9002: ignoring unknown option '/arch:SSE2'
         RBF_2D.cpp
     1>RBF_2D.cpp(47): warning C4244: 'argument' : conversion from 'double' to 'const float', possible loss of data
     1>RBF_2D.cpp(28): warning C4101: 'rows' : unreferenced local variable
     1>RBF_2D.cpp(62): warning C4267: 'initializing' : conversion from 'size_t' to 'int', possible loss of data
     1>RBF_2D.cpp(73): warning C4244: '=' : conversion from 'double' to 'float', possible loss of data
     1>RBF_2D.cpp(91): warning C4267: 'initializing' : conversion from 'size_t' to 'int', possible loss of data
     1>RBF_2D.cpp(103): warning C4267: 'initializing' : conversion from 'size_t' to 'int', possible loss of data
     1>RBF_2D.cpp(135): warning C4267: 'initializing' : conversion from 'size_t' to 'int', possible loss of data
     1>RBF_2D.cpp(154): warning C4244: 'argument' : conversion from 'double' to 'const float', possible loss of data
     1>RBF_2D.cpp(155): warning C4244: 'argument' : conversion from 'double' to 'const float', possible loss of data
         main.cpp
       Link:
         E:\progams\Microsoft Visual Studio 12.0\VC\bin\x86_amd64\link.exe /ERRORREPORT:PROMPT /OUT:"G:\Spring2016\AMCS252\Project\ActualProject\code\RBFx64\x64\Release\RBFx64.exe" /INCREMENTAL:NO /NOLOGO /LIBPATH:"E:\Libs\boost_1_59_0\lib64-msvc-12.0" kernel32.lib user32.lib gdi32.lib winspool.lib comdlg32.lib advapi32.lib shell32.lib ole32.lib oleaut32.lib uuid.lib odbc32.lib odbccp32.lib /MANIFEST /MANIFESTUAC:"level='asInvoker' uiAccess='false'" /manifest:embed /DEBUG /PDB:"G:\Spring2016\AMCS252\Project\ActualProject\code\RBFx64\x64\Release\RBFx64.pdb" /SUBSYSTEM:CONSOLE /OPT:REF /OPT:ICF /LTCG /TLBID:1 /DYNAMICBASE /NXCOMPAT /IMPLIB:"G:\Spring2016\AMCS252\Project\ActualProject\code\RBFx64\x64\Release\RBFx64.lib" /MACHINE:X64 x64\Release\main.obj
         x64\Release\RBF_2D.obj
         x64\Release\RBF_3D.obj
         x64\Release\stdafx.obj
         Generating code
         Finished generating code
         RBFx64.vcxproj -> G:\Spring2016\AMCS252\Project\ActualProject\code\RBFx64\x64\Release\RBFx64.exe
     1>Done Building Project "G:\Spring2016\AMCS252\Project\ActualProject\code\RBFx64\RBFx64\RBFx64.vcxproj" (Build target(s)).

Build succeeded.

Time Elapsed 00:00:07.39
